0 info it worked if it ends with ok
1 verbose cli [ '/usr/local/Cellar/node/0.10.24/bin/node',
1 verbose cli   '/usr/local/bin/npm',
1 verbose cli   'install' ]
2 info using npm@1.3.21
3 info using node@v0.10.24
4 verbose readDependencies using package.json deps
5 verbose install where, deps [ '/Users/drewblumberg/code/sports-bros',
5 verbose install   [ 'express',
5 verbose install     'jade',
5 verbose install     'express-less',
5 verbose install     'lodash',
5 verbose install     'moment',
5 verbose install     'mongoose',
5 verbose install     'async',
5 verbose install     'colors',
5 verbose install     'request',
5 verbose install     'connect-redis',
5 verbose install     'require-dir',
5 verbose install     'bcrypt',
5 verbose install     'mongoose-unique-validator',
5 verbose install     'yql',
5 verbose install     'hiredis',
5 verbose install     'redis' ] ]
6 info preinstall application-name@0.0.1
7 verbose readDependencies using package.json deps
8 verbose already installed skipping express-less@* /Users/drewblumberg/code/sports-bros
9 verbose already installed skipping express@* /Users/drewblumberg/code/sports-bros
10 verbose already installed skipping jade@* /Users/drewblumberg/code/sports-bros
11 verbose already installed skipping lodash@* /Users/drewblumberg/code/sports-bros
12 verbose already installed skipping moment@* /Users/drewblumberg/code/sports-bros
13 verbose already installed skipping mongoose@* /Users/drewblumberg/code/sports-bros
14 verbose already installed skipping async@* /Users/drewblumberg/code/sports-bros
15 verbose already installed skipping colors@* /Users/drewblumberg/code/sports-bros
16 verbose already installed skipping request@* /Users/drewblumberg/code/sports-bros
17 verbose already installed skipping connect-redis@* /Users/drewblumberg/code/sports-bros
18 verbose already installed skipping require-dir@* /Users/drewblumberg/code/sports-bros
19 verbose already installed skipping bcrypt@* /Users/drewblumberg/code/sports-bros
20 verbose already installed skipping mongoose-unique-validator@* /Users/drewblumberg/code/sports-bros
21 verbose already installed skipping yql@* /Users/drewblumberg/code/sports-bros
22 verbose cache add [ 'hiredis@0.1.10', null ]
23 verbose cache add name=undefined spec="hiredis@0.1.10" args=["hiredis@0.1.10",null]
24 verbose parsed url { protocol: null,
24 verbose parsed url   slashes: null,
24 verbose parsed url   auth: null,
24 verbose parsed url   host: null,
24 verbose parsed url   port: null,
24 verbose parsed url   hostname: null,
24 verbose parsed url   hash: null,
24 verbose parsed url   search: null,
24 verbose parsed url   query: null,
24 verbose parsed url   pathname: 'hiredis@0.1.10',
24 verbose parsed url   path: 'hiredis@0.1.10',
24 verbose parsed url   href: 'hiredis@0.1.10' }
25 verbose cache add name="hiredis" spec="0.1.10" args=["hiredis","0.1.10"]
26 verbose parsed url { protocol: null,
26 verbose parsed url   slashes: null,
26 verbose parsed url   auth: null,
26 verbose parsed url   host: null,
26 verbose parsed url   port: null,
26 verbose parsed url   hostname: null,
26 verbose parsed url   hash: null,
26 verbose parsed url   search: null,
26 verbose parsed url   query: null,
26 verbose parsed url   pathname: '0.1.10',
26 verbose parsed url   path: '0.1.10',
26 verbose parsed url   href: '0.1.10' }
27 verbose addNamed [ 'hiredis', '0.1.10' ]
28 verbose addNamed [ '0.1.10', '0.1.10' ]
29 verbose already installed skipping redis@0.6.0 /Users/drewblumberg/code/sports-bros
30 silly lockFile fda01f8c-hiredis-0-1-10 hiredis@0.1.10
31 verbose lock hiredis@0.1.10 /Users/drewblumberg/.npm/fda01f8c-hiredis-0-1-10.lock
32 verbose url raw hiredis/0.1.10
33 verbose url resolving [ 'https://registry.npmjs.org/', './hiredis/0.1.10' ]
34 verbose url resolved https://registry.npmjs.org/hiredis/0.1.10
35 info trying registry request attempt 1 at 01:52:46
36 verbose etag "AE3F1G98I8T2ALO2WKXEPTTDP"
37 http GET https://registry.npmjs.org/hiredis/0.1.10
38 http 304 https://registry.npmjs.org/hiredis/0.1.10
39 silly registry.get cb [ 304,
39 silly registry.get   { date: 'Sun, 19 Jan 2014 07:52:45 GMT',
39 silly registry.get     server: 'Apache',
39 silly registry.get     connection: 'Keep-Alive',
39 silly registry.get     'keep-alive': 'timeout=10, max=50',
39 silly registry.get     etag: '"AE3F1G98I8T2ALO2WKXEPTTDP"',
39 silly registry.get     vary: 'Accept' } ]
40 verbose etag hiredis/0.1.10 from cache
41 silly lockFile fda01f8c-hiredis-0-1-10 hiredis@0.1.10
42 silly lockFile fda01f8c-hiredis-0-1-10 hiredis@0.1.10
43 silly resolved [ { name: 'hiredis',
43 silly resolved     description: 'Wrapper for reply processing code in hiredis',
43 silly resolved     version: '0.1.10',
43 silly resolved     homepage: 'http://github.com/pietern/hiredis-node',
43 silly resolved     author: { name: 'Pieter Noordhuis', email: 'pcnoordhuis@gmail.com' },
43 silly resolved     main: 'hiredis',
43 silly resolved     directories: { lib: '.' },
43 silly resolved     scripts:
43 silly resolved      { preinstall: 'node-waf configure build',
43 silly resolved        test: 'node test/reader.js' },
43 silly resolved     engines: { node: '*' },
43 silly resolved     readme: 'ERROR: No README data found!',
43 silly resolved     readmeFilename: 'README',
43 silly resolved     _id: 'hiredis@0.1.10',
43 silly resolved     _from: 'hiredis@0.1.10' } ]
44 info install hiredis@0.1.10 into /Users/drewblumberg/code/sports-bros
45 info installOne hiredis@0.1.10
46 info /Users/drewblumberg/code/sports-bros/node_modules/hiredis unbuild
47 verbose tar unpack /Users/drewblumberg/.npm/hiredis/0.1.10/package.tgz
48 silly lockFile 7c63a556-sports-bros-node-modules-hiredis tar:///Users/drewblumberg/code/sports-bros/node_modules/hiredis
49 verbose lock tar:///Users/drewblumberg/code/sports-bros/node_modules/hiredis /Users/drewblumberg/.npm/7c63a556-sports-bros-node-modules-hiredis.lock
50 silly lockFile 33ee28ca-g-npm-hiredis-0-1-10-package-tgz tar:///Users/drewblumberg/.npm/hiredis/0.1.10/package.tgz
51 verbose lock tar:///Users/drewblumberg/.npm/hiredis/0.1.10/package.tgz /Users/drewblumberg/.npm/33ee28ca-g-npm-hiredis-0-1-10-package-tgz.lock
52 silly gunzTarPerm modes [ '755', '644' ]
53 silly gunzTarPerm extractEntry package.json
54 silly gunzTarPerm extractEntry README
55 silly gunzTarPerm extractEntry hiredis.js
56 silly gunzTarPerm extractEntry bench.js
57 silly gunzTarPerm extractEntry parser_bench.js
58 silly gunzTarPerm extractEntry deps/hiredis/README.md
59 silly gunzTarPerm extractEntry deps/hiredis/example-libevent.c
60 silly gunzTarPerm extractEntry deps/hiredis/COPYING
61 silly gunzTarPerm extractEntry deps/hiredis/TODO
62 silly gunzTarPerm extractEntry deps/hiredis/adapters/ae.h
63 silly gunzTarPerm extractEntry deps/hiredis/adapters/libev.h
64 silly gunzTarPerm extractEntry deps/hiredis/adapters/libevent.h
65 silly gunzTarPerm extractEntry deps/hiredis/async.c
66 silly gunzTarPerm extractEntry deps/hiredis/async.h
67 silly gunzTarPerm extractEntry deps/hiredis/dict.c
68 silly gunzTarPerm extractEntry deps/hiredis/dict.h
69 silly gunzTarPerm extractEntry deps/hiredis/example-ae.c
70 silly gunzTarPerm extractEntry deps/hiredis/example-libev.c
71 silly gunzTarPerm extractEntry deps/hiredis/Makefile
72 silly gunzTarPerm extractEntry deps/hiredis/example.c
73 silly gunzTarPerm extractEntry deps/hiredis/fmacros.h
74 silly gunzTarPerm extractEntry deps/hiredis/hiredis-example
75 silly gunzTarPerm extractEntry deps/hiredis/hiredis-test
76 silly gunzTarPerm extractEntry deps/hiredis/hiredis.c
77 silly gunzTarPerm extractEntry deps/hiredis/hiredis.h
78 silly gunzTarPerm extractEntry deps/hiredis/net.c
79 silly gunzTarPerm extractEntry deps/hiredis/net.h
80 silly gunzTarPerm extractEntry deps/hiredis/sds.c
81 silly gunzTarPerm extractEntry deps/hiredis/sds.h
82 silly gunzTarPerm extractEntry deps/hiredis/test.c
83 silly gunzTarPerm extractEntry hiredis.cc
84 silly gunzTarPerm extractEntry reader.cc
85 silly gunzTarPerm extractEntry reader.h
86 silly gunzTarPerm extractEntry test/reader.js
87 silly gunzTarPerm extractEntry wscript
88 silly lockFile 7c63a556-sports-bros-node-modules-hiredis tar:///Users/drewblumberg/code/sports-bros/node_modules/hiredis
89 silly lockFile 7c63a556-sports-bros-node-modules-hiredis tar:///Users/drewblumberg/code/sports-bros/node_modules/hiredis
90 silly lockFile 33ee28ca-g-npm-hiredis-0-1-10-package-tgz tar:///Users/drewblumberg/.npm/hiredis/0.1.10/package.tgz
91 silly lockFile 33ee28ca-g-npm-hiredis-0-1-10-package-tgz tar:///Users/drewblumberg/.npm/hiredis/0.1.10/package.tgz
92 info preinstall hiredis@0.1.10
93 verbose unsafe-perm in lifecycle true
94 info hiredis@0.1.10 Failed to exec preinstall script
95 info /Users/drewblumberg/code/sports-bros/node_modules/hiredis unbuild
96 info preuninstall hiredis@0.1.10
97 info uninstall hiredis@0.1.10
98 verbose true,/Users/drewblumberg/code/sports-bros/node_modules,/Users/drewblumberg/code/sports-bros/node_modules unbuild hiredis@0.1.10
99 info postuninstall hiredis@0.1.10
100 error hiredis@0.1.10 preinstall: `node-waf configure build`
100 error Exit status 127
101 error Failed at the hiredis@0.1.10 preinstall script.
101 error This is most likely a problem with the hiredis package,
101 error not with npm itself.
101 error Tell the author that this fails on your system:
101 error     node-waf configure build
101 error You can get their info via:
101 error     npm owner ls hiredis
101 error There is likely additional logging output above.
102 error System Darwin 13.0.0
103 error command "/usr/local/Cellar/node/0.10.24/bin/node" "/usr/local/bin/npm" "install"
104 error cwd /Users/drewblumberg/code/sports-bros
105 error node -v v0.10.24
106 error npm -v 1.3.21
107 error code ELIFECYCLE
108 verbose exit [ 1, true ]
